0 info it worked if it ends with ok
1 verbose cli [ '/usr/local/Cellar/node/4.1.2/bin/node',
1 verbose cli   '/usr/local/bin/npm',
1 verbose cli   'install',
1 verbose cli   '-g',
1 verbose cli   'browserify' ]
2 info using npm@2.14.6
3 info using node@v4.1.2
4 verbose install initial load of /usr/local/lib/package.json
5 verbose readDependencies loading dependencies from /usr/local/lib/package.json
6 silly cache add args [ 'browserify', null ]
7 verbose cache add spec browserify
8 silly cache add parsed spec Result {
8 silly cache add   raw: 'browserify',
8 silly cache add   scope: null,
8 silly cache add   name: 'browserify',
8 silly cache add   rawSpec: '',
8 silly cache add   spec: '*',
8 silly cache add   type: 'range' }
9 silly addNamed browserify@*
10 verbose addNamed "*" is a valid semver range for browserify
11 silly addNameRange { name: 'browserify', range: '*', hasData: false }
12 silly mapToRegistry name browserify
13 silly mapToRegistry using default registry
14 silly mapToRegistry registry https://registry.npmjs.org/
15 silly mapToRegistry uri https://registry.npmjs.org/browserify
16 verbose addNameRange registry:https://registry.npmjs.org/browserify not in flight; fetching
17 verbose request uri https://registry.npmjs.org/browserify
18 verbose request no auth needed
19 info attempt registry request try #1 at 6:01:00 PM
20 verbose request id fdc8f02381cc5405
21 http request GET https://registry.npmjs.org/browserify
22 http 200 https://registry.npmjs.org/browserify
23 verbose headers { server: 'CouchDB/1.5.0 (Erlang OTP/R16B03)',
23 verbose headers   etag: '"3UFIGQC96LE3FZVX43TUESS56"',
23 verbose headers   'content-type': 'application/json',
23 verbose headers   'cache-control': 'max-age=60',
23 verbose headers   'content-length': '843912',
23 verbose headers   'accept-ranges': 'bytes',
23 verbose headers   date: 'Sun, 11 Oct 2015 01:01:00 GMT',
23 verbose headers   via: '1.1 varnish',
23 verbose headers   age: '0',
23 verbose headers   connection: 'keep-alive',
23 verbose headers   'x-served-by': 'cache-lax1423-LAX',
23 verbose headers   'x-cache': 'HIT',
23 verbose headers   'x-cache-hits': '1',
23 verbose headers   'x-timer': 'S1444525260.735795,VS0,VE206',
23 verbose headers   vary: 'Accept' }
24 silly get cb [ 200,
24 silly get   { server: 'CouchDB/1.5.0 (Erlang OTP/R16B03)',
24 silly get     etag: '"3UFIGQC96LE3FZVX43TUESS56"',
24 silly get     'content-type': 'application/json',
24 silly get     'cache-control': 'max-age=60',
24 silly get     'content-length': '843912',
24 silly get     'accept-ranges': 'bytes',
24 silly get     date: 'Sun, 11 Oct 2015 01:01:00 GMT',
24 silly get     via: '1.1 varnish',
24 silly get     age: '0',
24 silly get     connection: 'keep-alive',
24 silly get     'x-served-by': 'cache-lax1423-LAX',
24 silly get     'x-cache': 'HIT',
24 silly get     'x-cache-hits': '1',
24 silly get     'x-timer': 'S1444525260.735795,VS0,VE206',
24 silly get     vary: 'Accept' } ]
25 verbose get saving browserify to /Users/david/.npm/registry.npmjs.org/browserify/.cache.json
26 verbose makeDirectory /Users/david/.npm creation not in flight; initializing
27 silly makeDirectory /Users/david/.npm uid: 502 gid: 20
28 silly addNameRange number 2 { name: 'browserify', range: '*', hasData: true }
29 silly addNameRange versions [ 'browserify',
29 silly addNameRange   [ '0.0.1',
29 silly addNameRange     '0.0.2',
29 silly addNameRange     '0.0.3',
29 silly addNameRange     '0.0.4',
29 silly addNameRange     '0.0.5',
29 silly addNameRange     '0.1.0',
29 silly addNameRange     '0.1.1',
29 silly addNameRange     '0.1.2',
29 silly addNameRange     '0.1.3',
29 silly addNameRange     '0.1.4',
29 silly addNameRange     '0.1.5',
29 silly addNameRange     '0.2.0',
29 silly addNameRange     '0.2.1',
29 silly addNameRange     '0.2.2',
29 silly addNameRange     '0.2.3',
29 silly addNameRange     '0.2.4',
29 silly addNameRange     '0.2.5',
29 silly addNameRange     '0.2.6',
29 silly addNameRange     '0.2.7',
29 silly addNameRange     '0.2.8',
29 silly addNameRange     '0.2.9',
29 silly addNameRange     '0.2.10',
29 silly addNameRange     '0.2.11',
29 silly addNameRange     '0.3.0',
29 silly addNameRange     '0.3.1',
29 silly addNameRange     '0.3.2',
29 silly addNameRange     '0.3.3',
29 silly addNameRange     '0.3.4',
29 silly addNameRange     '0.3.5',
29 silly addNameRange     '0.3.6',
29 silly addNameRange     '0.3.7',
29 silly addNameRange     '0.4.0',
29 silly addNameRange     '0.4.1',
29 silly addNameRange     '0.4.2',
29 silly addNameRange     '0.4.3',
29 silly addNameRange     '0.4.4',
29 silly addNameRange     '0.4.5',
29 silly addNameRange     '0.4.6',
29 silly addNameRange     '0.4.7',
29 silly addNameRange     '0.4.8',
29 silly addNameRange     '0.4.9',
29 silly addNameRange     '0.4.10',
29 silly addNameRange     '0.4.11',
29 silly addNameRange     '0.4.12',
29 silly addNameRange     '0.4.13',
29 silly addNameRange     '0.4.14',
29 silly addNameRange     '0.4.15',
29 silly addNameRange     '0.5.0',
29 silly addNameRange     '0.5.1',
29 silly addNameRange     '0.5.2',
29 silly addNameRange     '1.0.0',
29 silly addNameRange     '1.1.0',
29 silly addNameRange     '1.1.1',
29 silly addNameRange     '1.1.2',
29 silly addNameRange     '1.1.3',
29 silly addNameRange     '1.1.4',
29 silly addNameRange     '1.2.0',
29 silly addNameRange     '1.2.1',
29 silly addNameRange     '1.2.2',
29 silly addNameRange     '1.2.3',
29 silly addNameRange     '1.2.4',
29 silly addNameRange     '1.2.5',
29 silly addNameRange     '1.2.6',
29 silly addNameRange     '1.2.7',
29 silly addNameRange     '1.2.8',
29 silly addNameRange     '1.2.9',
29 silly addNameRange     '1.3.0',
29 silly addNameRange     '1.4.0',
29 silly addNameRange     '1.4.1',
29 silly addNameRange     '1.4.2',
29 silly addNameRange     '1.4.3',
29 silly addNameRange     '1.4.4',
29 silly addNameRange     '1.4.5',
29 silly addNameRange     '1.4.6',
29 silly addNameRange     '1.4.7',
29 silly addNameRange     '1.4.8',
29 silly addNameRange     '1.5.0',
29 silly addNameRange     '1.6.0',
29 silly addNameRange     '1.6.1',
29 silly addNameRange     '1.7.0',
29 silly addNameRange     '1.7.1',
29 silly addNameRange     '1.7.2',
29 silly addNameRange     '1.7.3',
29 silly addNameRange     '1.7.4',
29 silly addNameRange     '1.7.5',
29 silly addNameRange     '1.7.6',
29 silly addNameRange     '1.7.7',
29 silly addNameRange     '1.8.0',
29 silly addNameRange     '1.8.1',
29 silly addNameRange     '1.8.2',
29 silly addNameRange     '1.8.3',
29 silly addNameRange     '1.9.0',
29 silly addNameRange     '1.9.1',
29 silly addNameRange     '1.9.2',
29 silly addNameRange     '1.9.3',
29 silly addNameRange     '1.9.4',
29 silly addNameRange     '1.10.0',
29 silly addNameRange     '1.10.1',
29 silly addNameRange     '1.10.2',
29 silly addNameRange     '1.10.3',
29 silly addNameRange     '1.10.4',
29 silly addNameRange     '1.10.5',
29 silly addNameRange     '1.10.6',
29 silly addNameRange     '1.10.7',
29 silly addNameRange     '1.10.8',
29 silly addNameRange     '1.10.9',
29 silly addNameRange     '1.10.11',
29 silly addNameRange     '1.10.12',
29 silly addNameRange     '1.10.13',
29 silly addNameRange     '1.10.14',
29 silly addNameRange     '1.10.15',
29 silly addNameRange     '1.10.16',
29 silly addNameRange     '1.10.17',
29 silly addNameRange     '1.11.0',
29 silly addNameRange     '1.11.1',
29 silly addNameRange     '1.12.0',
29 silly addNameRange     '1.12.1',
29 silly addNameRange     '1.12.2',
29 silly addNameRange     '1.12.3',
29 silly addNameRange     '1.13.0',
29 silly addNameRange     '1.13.1',
29 silly addNameRange     '1.13.2',
29 silly addNameRange     '1.13.3',
29 silly addNameRange     '1.13.4',
29 silly addNameRange     '1.13.5',
29 silly addNameRange     '1.13.6',
29 silly addNameRange     '1.13.8',
29 silly addNameRange     '1.13.9',
29 silly addNameRange     '1.13.10',
29 silly addNameRange     '1.14.0',
29 silly addNameRange     '1.14.1',
29 silly addNameRange     '1.14.2',
29 silly addNameRange     '1.14.3',
29 silly addNameRange     '1.14.4',
29 silly addNameRange     '1.14.5',
29 silly addNameRange     '1.15.0',
29 silly addNameRange     '1.15.1',
29 silly addNameRange     '1.15.2',
29 silly addNameRange     '1.15.3',
29 silly addNameRange     '1.15.4',
29 silly addNameRange     '1.15.5',
29 silly addNameRange     '1.15.6',
29 silly addNameRange     '1.16.0',
29 silly addNameRange     '1.16.1',
29 silly addNameRange     '1.16.2',
29 silly addNameRange     '1.16.3',
29 silly addNameRange     '1.16.4',
29 silly addNameRange     '1.16.5',
29 silly addNameRange     '1.16.6',
29 silly addNameRange     '1.16.7',
29 silly addNameRange     '1.16.8',
29 silly addNameRange     '1.17.0',
29 silly addNameRange     '1.17.1',
29 silly addNameRange     '1.17.2',
29 silly addNameRange     '1.17.3',
29 silly addNameRange     '1.18.0',
29 silly addNameRange     '2.0.0',
29 silly addNameRange     '2.0.1',
29 silly addNameRange     '2.1.0',
29 silly addNameRange     '2.2.0',
29 silly addNameRange     '2.2.1',
29 silly addNameRange     '2.2.2',
29 silly addNameRange     '2.2.3',
29 silly addNameRange     '2.2.4',
29 silly addNameRange     '2.2.5',
29 silly addNameRange     '2.2.6',
29 silly addNameRange     '2.3.0',
29 silly addNameRange     '2.3.1',
29 silly addNameRange     '2.4.0',
29 silly addNameRange     '2.4.1',
29 silly addNameRange     '2.4.2',
29 silly addNameRange     '2.4.3',
29 silly addNameRange     '2.5.0',
29 silly addNameRange     '2.5.1',
29 silly addNameRange     '2.6.0',
29 silly addNameRange     '2.6.1',
29 silly addNameRange     '2.7.0',
29 silly addNameRange     '2.7.1',
29 silly addNameRange     '2.7.2',
29 silly addNameRange     '2.7.3',
29 silly addNameRange     '2.7.4',
29 silly addNameRange     '2.8.0',
29 silly addNameRange     '2.8.1',
29 silly addNameRange     '2.9.0',
29 silly addNameRange     '2.10.0',
29 silly addNameRange     '2.10.1',
29 silly addNameRange     '2.10.2',
29 silly addNameRange     '2.11.0',
29 silly addNameRange     '2.12.0',
29 silly addNameRange     '2.12.1',
29 silly addNameRange     '2.12.2',
29 silly addNameRange     '2.12.3',
29 silly addNameRange     '2.12.4',
29 silly addNameRange     '2.12.5',
29 silly addNameRange     '2.13.0',
29 silly addNameRange     '2.13.1',
29 silly addNameRange     '2.13.2',
29 silly addNameRange     '2.13.3',
29 silly addNameRange     '2.14.0',
29 silly addNameRange     '2.14.1',
29 silly addNameRange     '2.14.2',
29 silly addNameRange     '2.15.0',
29 silly addNameRange     '2.16.0',
29 silly addNameRange     '2.17.0',
29 silly addNameRange     '2.17.1',
29 silly addNameRange     '2.17.2',
29 silly addNameRange     '2.17.3',
29 silly addNameRange     '2.17.4',
29 silly addNameRange     '2.18.0',
29 silly addNameRange     '2.18.1',
29 silly addNameRange     '2.19.0',
29 silly addNameRange     '2.20.0',
29 silly addNameRange     '2.20.1',
29 silly addNameRange     '2.20.2',
29 silly addNameRange     '2.21.0',
29 silly addNameRange     '2.22.0',
29 silly addNameRange     '2.23.0',
29 silly addNameRange     '2.23.1',
29 silly addNameRange     '2.24.0',
29 silly addNameRange     '2.24.1',
29 silly addNameRange     '2.24.2',
29 silly addNameRange     '2.24.3',
29 silly addNameRange     '2.25.0',
29 silly addNameRange     '2.25.1',
29 silly addNameRange     '2.26.0',
29 silly addNameRange     '2.27.0',
29 silly addNameRange     '2.27.1',
29 silly addNameRange     '2.28.0',
29 silly addNameRange     '2.29.0',
29 silly addNameRange     '2.29.1',
29 silly addNameRange     '2.30.0',
29 silly addNameRange     '2.31.0',
29 silly addNameRange     '2.32.0',
29 silly addNameRange     '2.32.1',
29 silly addNameRange     '2.32.2',
29 silly addNameRange     '2.32.3',
29 silly addNameRange     '2.32.4',
29 silly addNameRange     '2.33.0',
29 silly addNameRange     '2.33.1',
29 silly addNameRange     '2.34.0',
29 silly addNameRange     '2.34.1',
29 silly addNameRange     '2.34.2',
29 silly addNameRange     '2.34.3',
29 silly addNameRange     '2.35.0',
29 silly addNameRange     '2.35.1',
29 silly addNameRange     '2.35.2',
29 silly addNameRange     '2.35.3',
29 silly addNameRange     '2.35.4',
29 silly addNameRange     '2.36.0',
29 silly addNameRange     '2.36.1',
29 silly addNameRange     '3.0.0',
29 silly addNameRange     '3.1.0',
29 silly addNameRange     '3.1.1',
29 silly addNameRange     '3.1.2',
29 silly addNameRange     '3.1.3',
29 silly addNameRange     '3.2.0',
29 silly addNameRange     '3.2.1',
29 silly addNameRange     '3.2.2',
29 silly addNameRange     '3.3.0',
29 silly addNameRange     '3.4.0',
29 silly addNameRange     '3.4.1',
29 silly addNameRange     '3.5.0',
29 silly addNameRange     '3.6.0',
29 silly addNameRange     '3.7.0',
29 silly addNameRange     '3.8.0',
29 silly addNameRange     '3.8.1',
29 silly addNameRange     '3.9.0',
29 silly addNameRange     '3.9.1',
29 silly addNameRange     '3.10.0',
29 silly addNameRange     '3.11.0',
29 silly addNameRange     '3.11.1',
29 silly addNameRange     '3.12.0',
29 silly addNameRange     '3.13.0',
29 silly addNameRange     '3.14.0',
29 silly addNameRange     '3.14.1',
29 silly addNameRange     '3.16.0',
29 silly addNameRange     '3.16.1',
29 silly addNameRange     '3.17.0',
29 silly addNameRange     '3.18.0',
29 silly addNameRange     '3.19.0',
29 silly addNameRange     '3.19.1',
29 silly addNameRange     '3.20.0',
29 silly addNameRange     '3.20.1',
29 silly addNameRange     '3.20.2',
29 silly addNameRange     '3.21.0',
29 silly addNameRange     '3.21.1',
29 silly addNameRange     '3.22.0',
29 silly addNameRange     '3.22.1',
29 silly addNameRange     '3.23.0',
29 silly addNameRange     '3.23.1',
29 silly addNameRange     '3.24.0',
29 silly addNameRange     '3.24.1',
29 silly addNameRange     '3.24.2',
29 silly addNameRange     '3.24.3',
29 silly addNameRange     '3.24.4',
29 silly addNameRange     '3.24.5',
29 silly addNameRange     '3.24.6',
29 silly addNameRange     '3.24.7',
29 silly addNameRange     '3.24.8',
29 silly addNameRange     '3.24.9',
29 silly addNameRange     '3.24.10',
29 silly addNameRange     '3.24.11',
29 silly addNameRange     '3.24.13',
29 silly addNameRange     '3.25.0',
29 silly addNameRange     '3.25.1',
29 silly addNameRange     '3.25.2',
29 silly addNameRange     '3.26.0',
29 silly addNameRange     '3.27.0',
29 silly addNameRange     '3.27.1',
29 silly addNameRange     '3.28.0',
29 silly addNameRange     '3.28.1',
29 silly addNameRange     '3.28.2',
29 silly addNameRange     '3.29.0',
29 silly addNameRange     '3.29.1',
29 silly addNameRange     '3.30.0',
29 silly addNameRange     '3.30.1',
29 silly addNameRange     '3.30.2',
29 silly addNameRange     '3.30.3',
29 silly addNameRange     '3.30.4',
29 silly addNameRange     '3.31.0',
29 silly addNameRange     '3.31.1',
29 silly addNameRange     '3.31.2',
29 silly addNameRange     '3.32.0',
29 silly addNameRange     '3.32.1',
29 silly addNameRange     '3.33.0',
29 silly addNameRange     '3.33.1',
29 silly addNameRange     '3.34.0',
29 silly addNameRange     '3.35.0',
29 silly addNameRange     '3.36.0',
29 silly addNameRange     '3.36.1',
29 silly addNameRange     '3.37.0',
29 silly addNameRange     '3.37.1',
29 silly addNameRange     '3.37.2',
29 silly addNameRange     '3.38.0',
29 silly addNameRange     '3.38.1',
29 silly addNameRange     '3.39.0',
29 silly addNameRange     '3.40.0',
29 silly addNameRange     '3.40.1',
29 silly addNameRange     '3.40.2',
29 silly addNameRange     '3.40.3',
29 silly addNameRange     '3.40.4',
29 silly addNameRange     '3.41.0',
29 silly addNameRange     '3.42.0',
29 silly addNameRange     '3.43.0',
29 silly addNameRange     '3.44.0',
29 silly addNameRange     '3.44.1',
29 silly addNameRange     '3.44.2',
29 silly addNameRange     '3.45.0',
29 silly addNameRange     '3.46.0',
29 silly addNameRange     '3.46.1',
29 silly addNameRange     '4.0.0',
29 silly addNameRange     '4.1.0',
29 silly addNameRange     '4.1.1',
29 silly addNameRange     '4.1.2',
29 silly addNameRange     '4.1.3',
29 silly addNameRange     '4.1.4',
29 silly addNameRange     '4.1.5',
29 silly addNameRange     '4.1.6',
29 silly addNameRange     '4.1.7',
29 silly addNameRange     '4.1.8',
29 silly addNameRange     '4.1.9',
29 silly addNameRange     '4.1.10',
29 silly addNameRange     '4.1.11',
29 silly addNameRange     '4.2.0',
29 silly addNameRange     '4.2.1',
29 silly addNameRange     '4.2.2',
29 silly addNameRange     '4.2.3',
29 silly addNameRange     '5.0.0',
29 silly addNameRange     '5.0.1',
29 silly addNameRange     '5.0.2',
29 silly addNameRange     '5.0.3',
29 silly addNameRange     '5.0.4',
29 silly addNameRange     '5.0.5',
29 silly addNameRange     '5.0.6',
29 silly addNameRange     '5.0.7',
29 silly addNameRange     '5.0.8',
29 silly addNameRange     '5.1.0',
29 silly addNameRange     '5.1.1',
29 silly addNameRange     '5.2.0',
29 silly addNameRange     '5.2.1',
29 silly addNameRange     '5.3.0',
29 silly addNameRange     '5.4.0',
29 silly addNameRange     '5.4.1',
29 silly addNameRange     '5.4.2',
29 silly addNameRange     '5.5.0',
29 silly addNameRange     '5.6.0',
29 silly addNameRange     '5.6.1',
29 silly addNameRange     '5.7.0',
29 silly addNameRange     '5.8.0',
29 silly addNameRange     '5.9.0',
29 silly addNameRange     '5.9.1',
29 silly addNameRange     '5.9.2',
29 silly addNameRange     '5.9.3',
29 silly addNameRange     '5.10.0',
29 silly addNameRange     '5.10.1',
29 silly addNameRange     '5.11.0',
29 silly addNameRange     '5.11.1',
29 silly addNameRange     '5.11.2',
29 silly addNameRange     '5.12.0',
29 silly addNameRange     '5.12.1',
29 silly addNameRange     '5.12.2',
29 silly addNameRange     '5.13.0',
29 silly addNameRange     '5.13.1',
29 silly addNameRange     '6.0.0',
29 silly addNameRange     '6.0.1',
29 silly addNameRange     '6.0.2',
29 silly addNameRange     '6.0.3',
29 silly addNameRange     '6.1.0',
29 silly addNameRange     '6.1.1',
29 silly addNameRange     '6.1.2',
29 silly addNameRange     '6.2.0',
29 silly addNameRange     '6.3.0',
29 silly addNameRange     '6.3.1',
29 silly addNameRange     '6.3.2',
29 silly addNameRange     '6.3.3',
29 silly addNameRange     '6.3.4',
29 silly addNameRange     '7.0.0',
29 silly addNameRange     '7.0.1',
29 silly addNameRange     '7.0.2',
29 silly addNameRange     '7.0.3',
29 silly addNameRange     '7.1.0',
29 silly addNameRange     '8.0.0',
29 silly addNameRange     '8.0.1',
29 silly addNameRange     '8.0.2',
29 silly addNameRange     '8.0.3',
29 silly addNameRange     '8.1.0',
29 silly addNameRange     '8.1.1',
29 silly addNameRange     '8.1.2',
29 silly addNameRange     '8.1.3',
29 silly addNameRange     '9.0.0',
29 silly addNameRange     '9.0.1',
29 silly addNameRange     '9.0.2',
29 silly addNameRange     '9.0.3',
29 silly addNameRange     '9.0.4',
29 silly addNameRange     '9.0.5',
29 silly addNameRange     '9.0.6',
29 silly addNameRange     '9.0.7',
29 silly addNameRange     '9.0.8',
29 silly addNameRange     '10.0.0',
29 silly addNameRange     '10.1.0',
29 silly addNameRange     '10.1.1',
29 silly addNameRange     '10.1.2',
29 silly addNameRange     '10.1.3',
29 silly addNameRange     '10.2.0',
29 silly addNameRange     '10.2.1',
29 silly addNameRange     '10.2.3',
29 silly addNameRange     '10.2.4',
29 silly addNameRange     '10.2.5',
29 silly addNameRange     '10.2.6',
29 silly addNameRange     '11.0.0',
29 silly addNameRange     '11.0.1',
29 silly addNameRange     '11.1.0',
29 silly addNameRange     '11.2.0' ] ]
30 silly addNamed browserify@11.2.0
31 verbose addNamed "11.2.0" is a plain semver version for browserify
32 silly mapToRegistry name browserify
33 silly mapToRegistry using default registry
34 silly mapToRegistry registry https://registry.npmjs.org/
35 silly mapToRegistry uri https://registry.npmjs.org/browserify
36 verbose addRemoteTarball https://registry.npmjs.org/browserify/-/browserify-11.2.0.tgz not in flight; adding
37 verbose addRemoteTarball [ 'https://registry.npmjs.org/browserify/-/browserify-11.2.0.tgz',
37 verbose addRemoteTarball   'a11bb9dd209d79572b813f7eeeaf828a5f5c0e4e' ]
38 info retry fetch attempt 1 at 6:01:02 PM
39 info attempt registry request try #1 at 6:01:02 PM
40 http fetch GET https://registry.npmjs.org/browserify/-/browserify-11.2.0.tgz
41 http fetch 200 https://registry.npmjs.org/browserify/-/browserify-11.2.0.tgz
42 silly fetchAndShaCheck shasum a11bb9dd209d79572b813f7eeeaf828a5f5c0e4e
43 verbose addTmpTarball /var/folders/ww/5fbr8wfs3cz5bfk4q660pcj80000gp/T/npm-8851-9b086602/registry.npmjs.org/browserify/-/browserify-11.2.0.tgz not in flight; adding
44 verbose addTmpTarball already have metadata; skipping unpack for browserify@11.2.0
45 silly cache afterAdd browserify@11.2.0
46 verbose afterAdd /Users/david/.npm/browserify/11.2.0/package/package.json not in flight; writing
47 verbose afterAdd /Users/david/.npm/browserify/11.2.0/package/package.json written
48 silly install resolved [ { name: 'browserify',
48 silly install resolved     version: '11.2.0',
48 silly install resolved     description: 'browser-side require() the node way',
48 silly install resolved     main: 'index.js',
48 silly install resolved     bin: { browserify: 'bin/cmd.js' },
48 silly install resolved     repository:
48 silly install resolved      { type: 'git',
48 silly install resolved        url: 'git+ssh://git@github.com/substack/node-browserify.git' },
48 silly install resolved     keywords:
48 silly install resolved      [ 'browser',
48 silly install resolved        'require',
48 silly install resolved        'commonjs',
48 silly install resolved        'commonj-esque',
48 silly install resolved        'bundle',
48 silly install resolved        'npm',
48 silly install resolved        'javascript' ],
48 silly install resolved     dependencies:
48 silly install resolved      { JSONStream: '^1.0.3',
48 silly install resolved        assert: '~1.3.0',
48 silly install resolved        'browser-pack': '^5.0.0',
48 silly install resolved        'browser-resolve': '^1.7.1',
48 silly install resolved        'browserify-zlib': '~0.1.2',
48 silly install resolved        buffer: '^3.0.0',
48 silly install resolved        builtins: '~0.0.3',
48 silly install resolved        commondir: '0.0.1',
48 silly install resolved        'concat-stream': '~1.4.1',
48 silly install resolved        'console-browserify': '^1.1.0',
48 silly install resolved        'constants-browserify': '~0.0.1',
48 silly install resolved        'crypto-browserify': '^3.0.0',
48 silly install resolved        defined: '^1.0.0',
48 silly install resolved        'deps-sort': '^1.3.7',
48 silly install resolved        'domain-browser': '~1.1.0',
48 silly install resolved        duplexer2: '~0.0.2',
48 silly install resolved        events: '~1.0.0',
48 silly install resolved        glob: '^4.0.5',
48 silly install resolved        has: '^1.0.0',
48 silly install resolved        htmlescape: '^1.1.0',
48 silly install resolved        'stream-http': '^1.2.0',
48 silly install resolved        'https-browserify': '~0.0.0',
48 silly install resolved        inherits: '~2.0.1',
48 silly install resolved        'insert-module-globals': '^6.4.1',
48 silly install resolved        isarray: '0.0.1',
48 silly install resolved        'labeled-stream-splicer': '^1.0.0',
48 silly install resolved        'module-deps': '^3.7.11',
48 silly install resolved        'os-browserify': '~0.1.1',
48 silly install resolved        parents: '^1.0.1',
48 silly install resolved        'path-browserify': '~0.0.0',
48 silly install resolved        process: '~0.11.0',
48 silly install resolved        punycode: '^1.3.2',
48 silly install resolved        'querystring-es3': '~0.2.0',
48 silly install resolved        'read-only-stream': '^1.1.1',
48 silly install resolved        'readable-stream': '^2.0.2',
48 silly install resolved        resolve: '^1.1.4',
48 silly install resolved        shasum: '^1.0.0',
48 silly install resolved        'shell-quote': '~0.0.1',
48 silly install resolved        'stream-browserify': '^2.0.0',
48 silly install resolved        string_decoder: '~0.10.0',
48 silly install resolved        subarg: '^1.0.0',
48 silly install resolved        'syntax-error': '^1.1.1',
48 silly install resolved        through2: '^1.0.0',
48 silly install resolved        'timers-browserify': '^1.0.1',
48 silly install resolved        'tty-browserify': '~0.0.0',
48 silly install resolved        url: '~0.10.1',
48 silly install resolved        util: '~0.10.1',
48 silly install resolved        'vm-browserify': '~0.0.1',
48 silly install resolved        xtend: '^4.0.0' },
48 silly install resolved     devDependencies:
48 silly install resolved      { backbone: '~0.9.2',
48 silly install resolved        'browser-unpack': '~0.0.0',
48 silly install resolved        'coffee-script': '~1.5.0',
48 silly install resolved        coffeeify: '~0.6.0',
48 silly install resolved        es6ify: '~0.4.8',
48 silly install resolved        isstream: '^0.1.2',
48 silly install resolved        seq: '0.3.3',
48 silly install resolved        tap: '^1.1.0',
48 silly install resolved        temp: '^0.8.1',
48 silly install resolved        through: '^2.3.4' },
48 silly install resolved     author:
48 silly install resolved      { name: 'James Halliday',
48 silly install resolved        email: 'mail@substack.net',
48 silly install resolved        url: 'http://substack.net' },
48 silly install resolved     scripts: { test: 'tap test/*.js' },
48 silly install resolved     license: 'MIT',
48 silly install resolved     gitHead: 'b7cf5bef990a6823d14e2d437e15112aa6b3adfa',
48 silly install resolved     bugs: { url: 'https://github.com/substack/node-browserify/issues' },
48 silly install resolved     homepage: 'https://github.com/substack/node-browserify#readme',
48 silly install resolved     _id: 'browserify@11.2.0',
48 silly install resolved     _shasum: 'a11bb9dd209d79572b813f7eeeaf828a5f5c0e4e',
48 silly install resolved     _from: 'browserify@*',
48 silly install resolved     _npmVersion: '2.14.3',
48 silly install resolved     _nodeVersion: '4.1.0',
48 silly install resolved     _npmUser: { name: 'zertosh', email: 'zertosh@gmail.com' },
48 silly install resolved     maintainers:
48 silly install resolved      [ [Object],
48 silly install resolved        [Object],
48 silly install resolved        [Object],
48 silly install resolved        [Object],
48 silly install resolved        [Object],
48 silly install resolved        [Object],
48 silly install resolved        [Object],
48 silly install resolved        [Object],
48 silly install resolved        [Object],
48 silly install resolved        [Object] ],
48 silly install resolved     dist:
48 silly install resolved      { shasum: 'a11bb9dd209d79572b813f7eeeaf828a5f5c0e4e',
48 silly install resolved        tarball: 'http://registry.npmjs.org/browserify/-/browserify-11.2.0.tgz' },
48 silly install resolved     directories: {},
48 silly install resolved     _resolved: 'https://registry.npmjs.org/browserify/-/browserify-11.2.0.tgz' } ]
49 info install browserify@11.2.0 into /usr/local/lib
50 info installOne browserify@11.2.0
51 verbose installOne of browserify to /usr/local/lib not in flight; installing
52 verbose makeDirectory /Users/david/.npm/_locks creation not in flight; initializing
53 silly makeDirectory /Users/david/.npm/_locks uid: 502 gid: 20
54 verbose lock using /Users/david/.npm/_locks/browserify-361ec04d0c7090cb.lock for /usr/local/lib/node_modules/browserify
55 silly install write writing browserify 11.2.0 to /usr/local/lib/node_modules/browserify
56 verbose unbuild lib/node_modules/browserify
57 silly gentlyRm /usr/local/lib/node_modules/browserify is being purged from base /usr/local
58 verbose gentlyRm don't care about contents; nuking /usr/local/lib/node_modules/browserify
59 verbose tar unpack /Users/david/.npm/browserify/11.2.0/package.tgz
60 verbose tar unpacking to /usr/local/lib/node_modules/browserify
61 silly gentlyRm /usr/local/lib/node_modules/browserify is being purged
62 verbose gentlyRm don't care about contents; nuking /usr/local/lib/node_modules/browserify
63 silly gunzTarPerm modes [ '755', '644' ]
64 error tar.unpack untar error /Users/david/.npm/browserify/11.2.0/package.tgz
65 verbose unlock done using /Users/david/.npm/_locks/browserify-361ec04d0c7090cb.lock for /usr/local/lib/node_modules/browserify
66 verbose fstream_path /usr/local/lib/node_modules/browserify
67 verbose fstream_type Directory
68 verbose fstream_class DirWriter
69 verbose stack Error: EACCES: permission denied, mkdir '/usr/local/lib/node_modules/browserify'
69 verbose stack     at Error (native)
70 verbose fstream_stack /usr/local/lib/node_modules/npm/node_modules/fstream/lib/dir-writer.js:35:25
70 verbose fstream_stack /usr/local/lib/node_modules/npm/node_modules/mkdirp/index.js:47:53
70 verbose fstream_stack FSReqWrap.oncomplete (fs.js:82:15)
71 verbose cwd /Users/david/Documents/burningMan/iBurn-Data/scripts/2015/geocoder
72 error Darwin 15.0.0
73 error argv "/usr/local/Cellar/node/4.1.2/bin/node" "/usr/local/bin/npm" "install" "-g" "browserify"
74 error node v4.1.2
75 error npm  v2.14.6
76 error path /usr/local/lib/node_modules/browserify
77 error code EACCES
78 error errno -13
79 error syscall mkdir
80 error Error: EACCES: permission denied, mkdir '/usr/local/lib/node_modules/browserify'
80 error     at Error (native)
80 error  { [Error: EACCES: permission denied, mkdir '/usr/local/lib/node_modules/browserify']
80 error   errno: -13,
80 error   code: 'EACCES',
80 error   syscall: 'mkdir',
80 error   path: '/usr/local/lib/node_modules/browserify',
80 error   fstream_type: 'Directory',
80 error   fstream_path: '/usr/local/lib/node_modules/browserify',
80 error   fstream_class: 'DirWriter',
80 error   fstream_stack:
80 error    [ '/usr/local/lib/node_modules/npm/node_modules/fstream/lib/dir-writer.js:35:25',
80 error      '/usr/local/lib/node_modules/npm/node_modules/mkdirp/index.js:47:53',
80 error      'FSReqWrap.oncomplete (fs.js:82:15)' ] }
81 error Please try running this command again as root/Administrator.
82 verbose exit [ -13, true ]
83 verbose unbuild lib/node_modules/browserify
84 silly gentlyRm /usr/local/lib/node_modules/browserify is being purged from base /usr/local
85 verbose gentlyRm don't care about contents; nuking /usr/local/lib/node_modules/browserify
